C51 COMPILER V9.02   MAIL                                                                  03/22/2016 21:19:00 PAGE 1   


C51 COMPILER V9.02, COMPILATION OF MODULE MAIL
OBJECT MODULE PLACED IN mail.OBJ
COMPILER INVOKED BY: C:\Keil\C51\BIN\C51.EXE mail.c BROWSE DEBUG OBJECTEXTEND

line level    source

   1           
   2          #include<reg52.h> 
   3          
   4          sbit P22 = P2^2;
   5          unsigned char code Data[10]={0xc0,0xf9,0xa4,0xb0,0x99,0x92,0x82,0xf8,0x80,0x90};
   6          // 0123456789
   7          
   8          
   9          void Delay(unsigned int t); 
  10          
  11          void main (void)
  12          {
  13   1      while (1)        
  14   1        {
  15   2      
  16   2        }       
  17   1      }
  18          
  19          void Delay(unsigned int t)
  20          {
  21   1       while(--t);
  22   1      }


MODULE INFORMATION:   STATIC OVERLAYABLE
   CODE SIZE        =     12    ----
   CONSTANT SIZE    =     10    ----
   XDATA SIZE       =   ----    ----
   PDATA SIZE       =   ----    ----
   DATA SIZE        =   ----    ----
   IDATA SIZE       =   ----    ----
   BIT SIZE         =   ----    ----
END OF MODULE INFORMATION.


C51 COMPILATION COMPLETE.  0 WARNING(S),  0 ERROR(S)
