C51 COMPILER V9.56.0.0   MAIN                                                              11/01/2018 23:02:44 PAGE 1   


C51 COMPILER V9.56.0.0, COMPILATION OF MODULE MAIN
OBJECT MODULE PLACED IN .\obj\main.obj
COMPILER INVOKED BY: E:\Program files\keilC51\C51\BIN\C51.EXE main.c OPTIMIZE(8,SPEED) BROWSE DEBUG OBJECTEXTEND PRINT(.
                    -\obj\main.lst) TABS(2) OBJECT(.\obj\main.obj)

line level    source

   1          #include<reg52.h> 
   2          #define KeyPort P3
   3          
   4          #define DataPort P1
   5          sbit LATCH1=P2^0;
   6          sbit LATCH2=P2^1;
   7          
   8          unsigned char code Data[10]={0xc0,0xf9,0xa4,0xb0,0x99,0x92,0x82,0xf8,0x80,0x90};
   9          // 0123456789
  10          unsigned char code Zn_Data[]={0x1,0x2,0x4,0x8,0x10,0x20,0x40,0x80};
  11          unsigned char TempData[8]={0XFF,0XFF,0XFF,0XFF,0XFF,0XFF,0XFF,0XFF,}; 
  12          unsigned char num = 0;
  13          unsigned char zn = 0;
  14          
  15          void Delay(unsigned int t)
  16          {   
  17   1       while(--t);
  18   1      }       
  19          
  20          unsigned char KeyScan(void);
  21          void Display();
  22          
  23          void main (void)
  24          {
  25   1      while (1)
  26   1        {
  27   2          num = KeyScan();
  28   2          Display();
  29   2        } 
  30   1      }
  31          
  32          void Display()
  33          {
  34   1        P1 = 0xff;
  35   1        LATCH1 = 1;
  36   1        LATCH1 = 0; 
  37   1        
  38   1        P1 = Zn_Data[zn];
  39   1        LATCH2 = 1;
  40   1        LATCH2 = 0;
  41   1        
  42   1        P1 = Data[num];
  43   1        LATCH1 = 1;
  44   1        LATCH1 = 0;
  45   1        
  46   1        //Delay (3);
  47   1      
  48   1      }
  49          
  50          unsigned char KeyScan(void)
  51          {
  52   1      unsigned char KeyCode;
  53   1      unsigned char tmp;
  54   1      KeyPort = 0x0f;
C51 COMPILER V9.56.0.0   MAIN                                                              11/01/2018 23:02:44 PAGE 2   

  55   1      tmp = KeyPort;
  56   1        
  57   1        if (KeyPort != 0x0f)
  58   1        { 
  59   2          Delay (10);
  60   2          if (KeyPort != 0x0f)
  61   2          {
  62   3            KeyPort = 0x7f;
  63   3            if(tmp != 0x7f)
  64   3            {
  65   4              switch(KeyPort)
  66   4              {
  67   5                case 0x77: KeyCode = 0; break;
  68   5                case 0x7b: KeyCode = 1; break;
  69   5                case 0x7d: KeyCode = 2; break;
  70   5                case 0x7e: KeyCode = 3; break;
  71   5              
  72   5              }
  73   4              while (KeyPort !=0x7f);
  74   4              KeyPort = 0xff; //-----
  75   4              //return KeyCode;
  76   4            }
  77   3            KeyPort = 0xbf;
  78   3            if(KeyPort != 0xbf)
  79   3            {
  80   4              switch(KeyPort)
  81   4              {
  82   5                case 0xb7: KeyCode = 4; break;
  83   5                case 0xbb: KeyCode = 5; break;
  84   5                case 0xbd: KeyCode = 6; break;
  85   5                case 0xbe: KeyCode = 7; break;
  86   5              }
  87   4              while (KeyPort !=0xbf);
  88   4              KeyPort = 0xff; //-----
  89   4              //return KeyCode;
  90   4            }
  91   3            KeyPort = 0xdf;
  92   3            if(KeyPort != 0xdf)
  93   3            {
  94   4              switch(KeyPort)
  95   4              {
  96   5                case 0xd7: KeyCode = 8; break;
  97   5                case 0xdb: KeyCode = 9; break;
  98   5                //case 0xdd: KeyCode = 2; break;
  99   5                //case 0xde: KeyCode = 3; break;
 100   5              }
 101   4              while (KeyPort !=0xdf);
 102   4              KeyPort = 0xff; //-----
 103   4              //return KeyCode;
 104   4            }
 105   3            KeyPort = 0xef;
 106   3            if(KeyPort != 0xef)
 107   3            {
 108   4              switch(KeyPort)
 109   4              {
 110   5                case 0xe7: KeyCode = 0; break;
 111   5                case 0xeb: KeyCode = 1; break;
 112   5                case 0xed: KeyCode = 2; break;
 113   5                case 0xee: KeyCode = 3; break;
 114   5              }
 115   4              while (KeyPort !=0xef);
 116   4              KeyPort = 0xff; //-----
C51 COMPILER V9.56.0.0   MAIN                                                              11/01/2018 23:02:44 PAGE 3   

 117   4              //return KeyCode;
 118   4            }
 119   3            
 120   3          }
 121   2        }
 122   1        
 123   1        
 124   1        return KeyCode;
 125   1      } 
 126          


MODULE INFORMATION:   STATIC OVERLAYABLE
   CODE SIZE        =    279    ----
   CONSTANT SIZE    =     18    ----
   XDATA SIZE       =   ----    ----
   PDATA SIZE       =   ----    ----
   DATA SIZE        =     10       1
   IDATA SIZE       =   ----    ----
   BIT SIZE         =   ----    ----
END OF MODULE INFORMATION.


C51 COMPILATION COMPLETE.  0 WARNING(S),  0 ERROR(S)
