C51 COMPILER V9.56.0.0   MAIN                                                              11/29/2018 15:29:24 PAGE 1   


C51 COMPILER V9.56.0.0, COMPILATION OF MODULE MAIN
OBJECT MODULE PLACED IN .\obj\Main.obj
COMPILER INVOKED BY: E:\Program files\keilC51\C51\BIN\C51.EXE Main.c OPTIMIZE(8,SPEED) BROWSE DEBUG OBJECTEXTEND PRINT(.
                    -\obj\Main.lst) TABS(2) OBJECT(.\obj\Main.obj)

line level    source

   1          
   2          #include<reg52.h> 
   3          #include<intrins.h>
   4          
   5          sbit RS = P2^4;   
   6          sbit RW = P2^3;
   7          sbit EN = P2^2;
   8          sbit P20=P2^0;
   9          sbit P21=P2^1;
  10          sbit P35 = P3^5;
  11          
  12          #define DataPort P1
  13          
  14          void DelayUs2x(unsigned char t)
  15          {   
  16   1       while(--t);
  17   1      }
  18          
  19          void DelayMs(unsigned char t)
  20          {
  21   1       while(t--)
  22   1       {
  23   2          DelayUs2x(245);
  24   2        DelayUs2x(245);
  25   2       }
  26   1      }
  27          
  28           void LCD_Write_Com(unsigned char com) 
  29           {  
  30   1        RS = 0; 
  31   1        RW = 0; 
  32   1        EN = 1; 
  33   1        DataPort = com; 
  34   1        DelayMs(1);
  35   1        EN = 0;
  36   1       }
  37          
  38          
  39           void LCD_Write_Data(unsigned char Data) 
  40           { 
  41   1        RS = 1; 
  42   1        RW = 0; 
  43   1        EN = 1; 
  44   1        DataPort = Data; 
  45   1        DelayMs(1);
  46   1        EN = 0;
  47   1       }
  48          
  49           void LCD_Clear(void) 
  50           { 
  51   1        LCD_Write_Com(0x01); 
  52   1        DelayMs(5);
  53   1       }
  54          
C51 COMPILER V9.56.0.0   MAIN                                                              11/29/2018 15:29:24 PAGE 2   

  55           void LCD_Init(void) 
  56           {
  57   1          LCD_Write_Com(0x38);   
  58   1          DelayMs(200); 
  59   1          LCD_Write_Com(0x0f);   
  60   1          DelayMs(200); 
  61   1           
  62   1       }
  63           
  64           void WritSymbol(long Adr)
  65           {
  66   1          LCD_Write_Com(64);
  67   1         LCD_Write_Data(0);
  68   1         LCD_Write_Data(0);
  69   1         LCD_Write_Data(0);
  70   1         
  71   1          LCD_Write_Com(72);
  72   1          LCD_Write_Data(4);
  73   1          LCD_Write_Data(4);
  74   1          LCD_Write_Data(31);
  75   1          LCD_Write_Data(4);
  76   1          LCD_Write_Data(6);
  77   1          LCD_Write_Data(12);
  78   1          LCD_Write_Data(4);
  79   1         
  80   1          LCD_Write_Com(Adr);
  81   1          LCD_Write_Data(0x00);
  82   1         LCD_Write_Com(Adr);
  83   1          LCD_Write_Data(1);
  84   1         }
  85           
  86           
  87           void WriteSomething()
  88           {
  89   1         long Adr = 128;
  90   1          while(1)
  91   1          {
  92   2            
  93   2            while(Adr != 143)
  94   2            {
  95   3              
  96   3              WritSymbol(Adr);
  97   3              LCD_Write_Com(Adr+1);
  98   3              //DelayMs(1);
  99   3              LCD_Write_Data ('A');
 100   3              //DelayMs(100);
 101   3              LCD_Write_Com(Adr+2);
 102   3              //DelayMs(1);
 103   3              LCD_Write_Data ('M');
 104   3              //DelayMs(100);
 105   3              LCD_Write_Com(Adr+3);
 106   3              //DelayMs(1);
 107   3              LCD_Write_Data (0xa5);
 108   3              //DelayMs(100);
 109   3              LCD_Write_Com(Adr+4);
 110   3              //DelayMs(1);
 111   3              LCD_Write_Data ('H');
 112   3              LCD_Write_Com(Adr+5);
 113   3              //DelayMs(1);0xE2
 114   3              LCD_Write_Data (0xad);
 115   3              WritSymbol(Adr+6);
 116   3              
C51 COMPILER V9.56.0.0   MAIN                                                              11/29/2018 15:29:24 PAGE 3   

 117   3              DelayMs(1000);
 118   3              LCD_Clear();
 119   3              
 120   3              Adr++;
 121   3            }
 122   2            
 123   2            Adr = 128;
 124   2          }
 125   1       }
 126           
 127          void main(void) 
 128          { 
 129   1        P1=0x00;
 130   1        P20=0; 
 131   1        P21=0; 
 132   1        P35=0; 
 133   1        P1=0xFF;
 134   1         
 135   1        LCD_Init(); 
 136   1        LCD_Clear();
 137   1        
 138   1        WriteSomething();
 139   1      /*
 140   1        while (1) 
 141   1        {  
 142   1          LCD_Write_Com(0x80);
 143   1          DelayMs(5);
 144   1          LCD_Write_Data ('O');
 145   1          DelayMs(5);
 146   1          LCD_Write_Com(0x88);
 147   1          DelayMs(5);
 148   1          LCD_Write_Data ('k');
 149   1          DelayMs(5);
 150   1          
 151   1          while(1);
 152   1        }
 153   1      */
 154   1      } 
 155          
 156          
 157          


MODULE INFORMATION:   STATIC OVERLAYABLE
   CODE SIZE        =    354    ----
   CONSTANT SIZE    =   ----    ----
   XDATA SIZE       =   ----    ----
   PDATA SIZE       =   ----    ----
   DATA SIZE        =   ----       8
   IDATA SIZE       =   ----    ----
   BIT SIZE         =   ----    ----
END OF MODULE INFORMATION.


C51 COMPILATION COMPLETE.  0 WARNING(S),  0 ERROR(S)
