C51 COMPILER V9.56.0.0   TARGET1                                                           10/26/2018 12:00:29 PAGE 1   


C51 COMPILER V9.56.0.0, COMPILATION OF MODULE TARGET1
OBJECT MODULE PLACED IN .\Objects\target1.obj
COMPILER INVOKED BY: E:\Program files\keilC51\C51\BIN\C51.EXE target1.c OPTIMIZE(8,SPEED) BROWSE DEBUG OBJECTEXTEND PRIN
                    -T(.\Listings\target1.lst) TABS(2) OBJECT(.\Objects\target1.obj)

line level    source

   1          #include<reg52.h> 
   2          
   3          sbit LATCH1=P2^0;
   4          sbit LATCH2=P2^1;
   5          
   6          unsigned char code Data[10]={0xc0,0xf9,0xa4,0xb0,0x99,0x92,0x82,0xf8,0x80,0x90};
   7          // 0123456789  
   8          unsigned char code Zn_data[]={0x1,0x2,0x4,0x8,0x10,0x20,0x40,0x80};
   9          // 
  10          
  11          
  12          void Delay (unsigned int t)
  13          {   
  14   1       while(--t);
  15   1      }
  16          void main (void)
  17          {
  18   1      while (1)        
  19   1        {
  20   2          for(unsigned int i = 0; i < 10; i++)
*** ERROR C141 IN LINE 20 OF target1.c: syntax error near 'unsigned'
*** ERROR C202 IN LINE 20 OF target1.c: 'i': undefined identifier
*** ERROR C202 IN LINE 20 OF target1.c: 'i': undefined identifier
*** ERROR C202 IN LINE 20 OF target1.c: 'i': undefined identifier
*** ERROR C141 IN LINE 20 OF target1.c: syntax error near ')'
  21   2          {
  22   3            P1=Data[i];
  23   3            Delay(1000);
  24   3          }
  25   2          for(unsigned int i = 9; i >= 0; i--)
*** ERROR C141 IN LINE 25 OF target1.c: syntax error near 'unsigned'
*** ERROR C202 IN LINE 25 OF target1.c: 'i': undefined identifier
*** ERROR C202 IN LINE 25 OF target1.c: 'i': undefined identifier
*** ERROR C202 IN LINE 25 OF target1.c: 'i': undefined identifier
*** ERROR C141 IN LINE 25 OF target1.c: syntax error near ')'
  26   2          {
  27   3            P1=Data[i];
  28   3            Delay(1000);
  29   3          }
  30   2        }
  31   1      }
  32          
  33          
  34          
  35          

C51 COMPILATION COMPLETE.  0 WARNING(S),  10 ERROR(S)
