C51 COMPILER V9.56.0.0   KEYPAD                                                            11/01/2018 08:54:05 PAGE 1   


C51 COMPILER V9.56.0.0, COMPILATION OF MODULE KEYPAD
OBJECT MODULE PLACED IN .\obj\Keypad.obj
COMPILER INVOKED BY: E:\Program files\keilC51\C51\BIN\C51.EXE Keypad.c OPTIMIZE(8,SPEED) BROWSE DEBUG OBJECTEXTEND PRINT
                    -(.\obj\Keypad.lst) TABS(2) OBJECT(.\obj\Keypad.obj)

line level    source

   1          #include<reg52.h> 
   2          
   3          #define KeyPort P3
   4          
   5          void Delay(unsigned char t)
   6          {
   7   1        while(--t);
   8   1      }
   9          
  10          void main (void)
  11          {
  12   1        while (1)
  13   1        {
  14   2          KeyPort= 0x0f;
  15   2          if (KeyPort != 0x0f)
  16   2          {
  17   3            Delay(10);
  18   3            if (KeyPort != 0xf0)
  19   3            {
  20   4              KeyPort = 0x7f;
  21   4              if (KeyPort != 0x7f)
  22   4                switch(KeyPort)
  23   4                {
  24   5                  case 0x77: P1=0xfe; break;   
  25   5                  case 0x7b: P1=0xfd; break;
  26   5                  case 0x7d: P1=0xfb; break;
  27   5                  case 0x7e: P1=0xf7; break;
  28   5                }
  29   4              while (KeyPort != 0x7f);
  30   4            }
  31   3          }
  32   2        P1=0xff;
  33   2        }
  34   1      }


MODULE INFORMATION:   STATIC OVERLAYABLE
   CODE SIZE        =     78    ----
   CONSTANT SIZE    =   ----    ----
   XDATA SIZE       =   ----    ----
   PDATA SIZE       =   ----    ----
   DATA SIZE        =   ----    ----
   IDATA SIZE       =   ----    ----
   BIT SIZE         =   ----    ----
END OF MODULE INFORMATION.


C51 COMPILATION COMPLETE.  0 WARNING(S),  0 ERROR(S)
