C51 COMPILER V9.02   MAIN                                                                  04/12/2016 21:54:23 PAGE 1   


C51 COMPILER V9.02, COMPILATION OF MODULE MAIN
OBJECT MODULE PLACED IN .\obj\main.obj
COMPILER INVOKED BY: C:\Keil\C51\BIN\C51.EXE main.c BROWSE DEBUG OBJECTEXTEND PRINT(.\obj\main.lst) OBJECT(.\obj\main.ob
                    -j)

line level    source

   1          #include<reg52.h> 
   2          #define KeyPort P3
   3          
   4          #define DataPort P1
   5          sbit LATCH1=P2^0;
   6          sbit LATCH2=P2^1;
   7          
   8          unsigned char code Data[10]={0xc0,0xf9,0xa4,0xb0,0x99,0x92,0x82,0xf8,0x80,0x90};
   9          // 0123456789
  10          unsigned char code Zn_Data[]={0x1,0x2,0x4,0x8,0x10,0x20,0x40,0x80};
  11          unsigned char TempData[8]={0XFF,0XFF,0XFF,0XFF,0XFF,0XFF,0XFF,0XFF,}; 
  12          unsigned char num = 0;
  13          unsigned char zn = 0;
  14          
  15          void Delay(unsigned int t)
  16          {   
  17   1       while(--t);
  18   1      }                               
  19          
  20          unsigned char KeyScan(void);
  21          void Display();
  22          
  23          void main (void)
  24          {
  25   1      while (1)
  26   1              {
  27   2                      num = KeyScan();
  28   2                      Display();
  29   2              }       
  30   1      }
  31          
  32          void Display()
  33          {
  34   1              P1 = 0xff;
  35   1              LATCH1 = 1;
  36   1              LATCH1 = 0;     
  37   1              
  38   1              P1 = Zn_Data[zn];
  39   1              LATCH2 = 1;
  40   1              LATCH2 = 0;
  41   1              
  42   1              P1 = Data[num];
  43   1              LATCH1 = 1;
  44   1              LATCH1 = 0;
  45   1              
  46   1      //      Delay (3);
  47   1      
  48   1      }
  49          
  50          unsigned char KeyScan(void)
  51          {
  52   1      unsigned char KeyCode;
  53   1      unsigned char tmp;
  54   1      P3 = 0x7f;
C51 COMPILER V9.02   MAIN                                                                  04/12/2016 21:54:23 PAGE 2   

  55   1      tmp = P3;
  56   1              if (tmp != 0x7f)
  57   1              {       Delay (10);
  58   2                      if (tmp !=0x7f)
  59   2                      {
  60   3                        switch(tmp)
  61   3                        {
  62   4                        case 0x77: KeyCode = 0; break;
  63   4                        case 0x7b: KeyCode = 1; break;
  64   4                        case 0x7d: KeyCode = 2; break;
  65   4                        case 0x7e: KeyCode = 3; break;
  66   4                        }
  67   3                        while (P3 !=0x7f);
  68   3                      }
  69   2              }
  70   1              return KeyCode;
  71   1      } 
  72          


MODULE INFORMATION:   STATIC OVERLAYABLE
   CODE SIZE        =    118    ----
   CONSTANT SIZE    =     18    ----
   XDATA SIZE       =   ----    ----
   PDATA SIZE       =   ----    ----
   DATA SIZE        =     10       1
   IDATA SIZE       =   ----    ----
   BIT SIZE         =   ----    ----
END OF MODULE INFORMATION.


C51 COMPILATION COMPLETE.  0 WARNING(S),  0 ERROR(S)
