C51 COMPILER V9.02   LED_CUBE                                                              02/21/2016 00:02:51 PAGE 1   


C51 COMPILER V9.02, COMPILATION OF MODULE LED_CUBE
OBJECT MODULE PLACED IN Led_cube.OBJ
COMPILER INVOKED BY: C:\Keil\C51\BIN\C51.EXE Led_cube.c BROWSE DEBUG OBJECTEXTEND

line level    source

   1          #include<reg52.h> 
   2          
   3          sbit P20 = P2^0;
   4          sbit P21 = P2^1;
   5          sbit P35 = P3^5;
   6          sbit LED0=P1^0;
   7          sbit LED1=P1^1;
   8          sbit LED2=P1^2;
   9          sbit LED3=P1^3;
  10          sbit LED4=P1^4;
  11          sbit LED5=P1^5;
  12          sbit LED6=P1^6;
  13          sbit LED7=P1^7;
  14          sbit LED8=P3^0;
  15          sbit LINE1 = P3^2;
  16          sbit LINE2 = P3^3;
  17          sbit LINE3 = P3^4;
  18          
  19          void del( int x )
  20          {
  21   1              while( x-- ); 
  22   1      }
  23          
  24          void main()
  25          {
  26   1              int i;
  27   1              
  28   1              P1 = 0x00;
  29   1              P20 = 0;
  30   1              P21 = 1;
  31   1              P35 = 1;
  32   1              P1 = 0xFF;      
  33   1      
  34   1              P1 = 0xFF;
  35   1              LED8 = 1;
  36   1      
  37   1              while (1)
  38   1              {
  39   2                      P1 = 0xff;
  40   2                      LED8 = 1;
  41   2              
  42   2                      LINE1 = 0;
  43   2                      del(200000);
  44   2                      LINE1 = 1;
  45   2                      del(200000);            
  46   2      
  47   2                      LINE2 = 0;
  48   2                      del(200000);
  49   2                      LINE2 = 1;
  50   2                      del(200000);
  51   2      
  52   2                      LINE3 = 0;
  53   2                      del(200000);
  54   2                      LINE3 = 1;
  55   2                  del(200000);        
C51 COMPILER V9.02   LED_CUBE                                                              02/21/2016 00:02:51 PAGE 2   

  56   2      
  57   2                      P1 = 0x01;
  58   2                      LINE1 = 0;
  59   2                      del(200000);
  60   2                                      
  61   2                      for (i = 0; i < 8; i++)
  62   2                      {
  63   3                      P1 = P1<<1;
  64   3                      LINE1 = 0;
  65   3                      del(200000);
  66   3                      LINE1 = 1;
  67   3                      }       
  68   2                                              
  69   2                      LINE3 = 0;
  70   2                      P1 = 0x01;
  71   2                      del(10000);
  72   2                      for( i = 0; i < 8; i++ )
  73   2                      {
  74   3                              P1 = P1 << 1;
  75   3                              del(10000);
  76   3                      }
  77   2                      LINE3 = 1;        
  78   2              }       
  79   1      }                


MODULE INFORMATION:   STATIC OVERLAYABLE
   CODE SIZE        =    142    ----
   CONSTANT SIZE    =   ----    ----
   XDATA SIZE       =   ----    ----
   PDATA SIZE       =   ----    ----
   DATA SIZE        =   ----    ----
   IDATA SIZE       =   ----    ----
   BIT SIZE         =   ----    ----
END OF MODULE INFORMATION.


C51 COMPILATION COMPLETE.  0 WARNING(S),  0 ERROR(S)
