Active-HDL 9.1.2353.4205  2018-09-18 17:36:58

Elaboration top modules:
Architecture                  chem1(chem1)


------------------------------------------------------------------------------------------
Entity   | Architecture | Library | Info | Compiler Version         | Compilation Options
------------------------------------------------------------------------------------------
chem1    | chem1        | lab2    |      | 9.1.2353.4205  (Windows) | -O3
------------------------------------------------------------------------------------------

------------------------------------------------------------------------------------------
VHDL Package            | Library | Info | Compiler Version         | Compilation Options
------------------------------------------------------------------------------------------
standard                | std     |      |                          | <unavailable>
TEXTIO                  | std     |      | 9.1.2353.4205  (Windows) |  -2008
std_logic_1164          | ieee    |      | 9.1.2353.4205  (Windows) |  -2008
------------------------------------------------------------------------------------------

------------------------------------------------------------------------------------------
Library                 | Comment
------------------------------------------------------------------------------------------
ieee                    | Standard IEEE packages library
lab2                    | None
std                     | Standard VHDL library
------------------------------------------------------------------------------------------


Simulation Options: asim -O5 +access +r +m+chem1 chem1 chem1

