C51 COMPILER V9.02   MAIN                                                                  03/22/2016 21:36:55 PAGE 1   


C51 COMPILER V9.02, COMPILATION OF MODULE MAIN
OBJECT MODULE PLACED IN .\obj\main.obj
COMPILER INVOKED BY: C:\Keil\C51\BIN\C51.EXE main.c BROWSE DEBUG OBJECTEXTEND PRINT(.\obj\main.lst) OBJECT(.\obj\main.ob
                    -j)

line level    source

   1          #include<reg52.h> 
   2          
   3          sbit LATCH1=P2^0;
   4          sbit LATCH2=P2^1;
   5          
   6          unsigned char code Data[10]={0xc0,0xf9,0xa4,0xb0,0x99,0x92,0x82,0xf8,0x80,0x90};
   7          // 0123456789  
   8          unsigned char code Zn_data[]={0x1,0x2,0x4,0x8,0x10,0x20,0x40,0x80};
   9          // знакоместо
  10          
  11          
  12          void Delay (unsigned int t)
  13          {   
  14   1       while(--t);
  15   1      }
  16          void main (void)
  17          {
  18   1      while (1)        
  19   1        {
  20   2              P1 = Zn_data[0];
  21   2              LATCH2 = 1;        
  22   2              LATCH2 = 0;
  23   2              
  24   2              P1 = Data[0];
  25   2              LATCH1 = 1;        
  26   2              LATCH1 = 0;
  27   2      
  28   2        }
  29   1      }
  30          
  31          
  32          
  33          


MODULE INFORMATION:   STATIC OVERLAYABLE
   CODE SIZE        =     34    ----
   CONSTANT SIZE    =     18    ----
   XDATA SIZE       =   ----    ----
   PDATA SIZE       =   ----    ----
   DATA SIZE        =   ----    ----
   IDATA SIZE       =   ----    ----
   BIT SIZE         =   ----    ----
END OF MODULE INFORMATION.


C51 COMPILATION COMPLETE.  0 WARNING(S),  0 ERROR(S)
